go: finding github.com/go-logfmt/logfmt v0.4.0
go: finding github.com/urfave/cli v1.20.0
go: finding github.com/gordonklaus/ineffassign v0.0.0-20190601041439-ed7b1b5ee0f8
go: finding github.com/tendermint/tendermint v0.32.2
go: finding github.com/Myriad-Dreamin/go-mpt v1.1.0
go: finding github.com/golang/crypto v0.0.0-20190422183909-d864b10871cd
go: finding github.com/alecthomas/gocyclo v0.0.0-20150208221726-aa8f8b160214
go: finding github.com/Myriad-Dreamin/go-uip v0.0.0-20190808122118-7db5e79304ad
go: finding github.com/alexflint/go-arg v1.0.0
go: finding 4d63.com/gochecknoinits v0.0.0-20180528051558-14d5915061e5
go: finding github.com/walle/lll v0.0.0-20160702150637-8b13b3fbf731
go: finding github.com/jgautheron/goconst v0.0.0-20170703170152-9740945f5dcb
go: finding github.com/go-kit/kit v0.8.0
go: finding github.com/syndtr/goleveldb v1.0.0
go: finding github.com/grpc/grpc-go v1.21.0
go: finding github.com/Myriad-Dreamin/go-rlp v1.0.1
go: finding github.com/tidwall/gjson v1.3.2
go: finding github.com/golang/net v0.0.0-20190420063019-afa5a82059c6
go: finding github.com/securego/gosec v0.0.0-20190709033609-4b59c948083c
go: finding github.com/golang/sync v0.0.0-20190423024810-112230192c58
go: finding github.com/golang/sys v0.0.0-20190422165155-953cdadca894
go: finding github.com/alexflint/go-scalar v1.0.0
go: finding github.com/golang/text v0.3.0
go: finding github.com/tsenart/deadcode v0.0.0-20160724212837-210d2dc333e9
go: finding github.com/golang/tools v0.0.0-20190422233926-fe54fb35175b
go: finding github.com/golang/oauth2 v0.0.0-20190523182746-aaccbc9213b0
go: finding github.com/kr/pretty v0.1.0
go: finding github.com/Myriad-Dreamin/go-py v0.0.0-20190629155946-c47d2c093430
go: finding github.com/golang/appengine v1.6.0
go: finding github.com/mozilla/tls-observatory v0.0.0-20190404164649-a3c1b6cfecfd
go: finding github.com/golang/lint v0.0.0-20190409202823-959b441ac422
go: finding github.com/google/go-genproto v0.0.0-20190522204451-c2c4e71fbf69
go: finding github.com/nbutton23/zxcvbn-go v0.0.0-20180912185939-ae427f1e4c1d
go: finding github.com/golang/exp v0.0.0-20190510132918-efd6b22b2522
go: finding github.com/onsi/gomega v1.5.0
go: finding github.com/GoogleCloudPlatform/google-cloud-go v0.39.0
go: finding github.com/golang/snappy v0.0.0-20180518054509-2e65f85255db
go: finding gopkg.in/yaml.v2 v2.2.2
go: finding github.com/golang/protobuf v1.3.1
go: finding github.com/googleapis/gax-go/v2 v2.0.4
go: finding honnef.co/go/tools v0.0.0-20190102054323-c2f93a96b099
go: finding github.com/google/pprof v0.0.0-20181206194817-3ea8567a2e57
go: finding github.com/kr/text v0.1.0
go: finding github.com/tidwall/pretty v1.0.0
go: finding gopkg.in/check.v1 v1.0.0-20180628173108-788fd7840127
go: finding github.com/Myriad-Dreamin/go-hexutil v1.0.0
go: finding github.com/golang/time v0.0.0-20190308202827-9d24e82272b4
go: finding github.com/kr/pty v1.1.1
go: finding github.com/golang/mock v1.2.0
go: finding github.com/golang/mobile v0.0.0-20190509164839-32b2708ab171
go: finding github.com/lib/pq v1.1.0
go: finding github.com/jstemmer/go-junit-report v0.0.0-20190106144839-af01ea7f8024
go: finding go.opencensus.io v0.21.0
go: finding honnef.co/go/tools v0.0.0-20190106161140-3f1c8253044a
go: finding github.com/tidwall/match v1.0.1
go: finding github.com/googleapis/google-api-go-client v0.5.0
go: finding github.com/golang/image v0.0.0-20190523035834-f03afa92d3ff
go: finding github.com/google/btree v0.0.0-20180813153112-4030bb1f1f0c
go: finding github.com/ryanuber/go-glob v1.0.0
go: finding github.com/google/martian v2.1.0+incompatible
go: finding github.com/onsi/ginkgo v1.8.0
go: finding github.com/BurntSushi/xgb v0.0.0-20160522181843-27f122750802
go: finding github.com/hashicorp/golang-lru v0.5.0
go: downloading github.com/tendermint/tendermint v0.32.2
go: downloading github.com/Myriad-Dreamin/go-mpt v1.1.0
go: downloading github.com/Myriad-Dreamin/go-uip v0.0.0-20190808122118-7db5e79304ad
go: downloading github.com/golang/crypto v0.0.0-20190422183909-d864b10871cd
go: extracting github.com/Myriad-Dreamin/go-mpt v1.1.0
go: downloading github.com/Myriad-Dreamin/go-rlp v1.0.1
go: extracting github.com/Myriad-Dreamin/go-rlp v1.0.1
go: downloading github.com/Myriad-Dreamin/go-hexutil v1.0.0
go: extracting github.com/Myriad-Dreamin/go-hexutil v1.0.0
go: extracting github.com/Myriad-Dreamin/go-uip v0.0.0-20190808122118-7db5e79304ad
go: extracting github.com/golang/crypto v0.0.0-20190422183909-d864b10871cd
go: extracting github.com/tendermint/tendermint v0.32.2
go: downloading github.com/golang/net v0.0.0-20190420063019-afa5a82059c6
go: downloading github.com/grpc/grpc-go v1.21.0
go: downloading github.com/go-logfmt/logfmt v0.4.0
go: downloading github.com/go-kit/kit v0.8.0
go: extracting github.com/go-logfmt/logfmt v0.4.0
go: extracting github.com/go-kit/kit v0.8.0
go: extracting github.com/grpc/grpc-go v1.21.0
go: downloading github.com/golang/sys v0.0.0-20190422165155-953cdadca894
go: downloading github.com/google/go-genproto v0.0.0-20190522204451-c2c4e71fbf69
go: extracting github.com/golang/net v0.0.0-20190420063019-afa5a82059c6
go: downloading github.com/golang/text v0.3.0
go: extracting github.com/golang/sys v0.0.0-20190422165155-953cdadca894
go: extracting github.com/google/go-genproto v0.0.0-20190522204451-c2c4e71fbf69
go: extracting github.com/golang/text v0.3.0
create app...
loading state...
StateRoot: 
Height: 0

create server... on tcp://0.0.0.0:27667
create client... on :27667
start server...
start client...
the application is listening tcp://0.0.0.0:27667
looping
BeginBlock
EndBlock
Commit
BeginBlock
EndBlock
Commit
BeginBlock
EndBlock
Commit
BeginBlock
EndBlock
Commit
BeginBlock
EndBlock
Commit
BeginBlock
EndBlock
Commit
BeginBlock
EndBlock
Commit
BeginBlock
EndBlock
Commit
BeginBlock
EndBlock
Commit
BeginBlock
EndBlock
Commit
BeginBlock
EndBlock
Commit
BeginBlock
EndBlock
Commit
BeginBlock
EndBlock
Commit
BeginBlock
EndBlock
Commit
BeginBlock
EndBlock
Commit
BeginBlock
EndBlock
Commit
BeginBlock
EndBlock
Commit
BeginBlock
EndBlock
Commit
BeginBlock
EndBlock
Commit
BeginBlock
EndBlock
Commit
BeginBlock
EndBlock
Commit
BeginBlock
EndBlock
Commit
BeginBlock
EndBlock
Commit
BeginBlock
EndBlock
Commit
BeginBlock
EndBlock
Commit
BeginBlock
EndBlock
Commit
BeginBlock
EndBlock
Commit
BeginBlock
EndBlock
Commit
BeginBlock
EndBlock
Commit
BeginBlock
EndBlock
Commit
BeginBlock
EndBlock
Commit
BeginBlock
EndBlock
Commit
BeginBlock
EndBlock
Commit
BeginBlock
EndBlock
Commit
BeginBlock
EndBlock
Commit
BeginBlock
EndBlock
Commit
BeginBlock
EndBlock
Commit
BeginBlock
EndBlock
Commit
BeginBlock
EndBlock
Commit
BeginBlock
EndBlock
Commit
BeginBlock
EndBlock
Commit
BeginBlock
EndBlock
Commit
BeginBlock
EndBlock
Commit
BeginBlock
EndBlock
Commit
BeginBlock
EndBlock
Commit
BeginBlock
EndBlock
Commit
BeginBlock
EndBlock
Commit
BeginBlock
EndBlock
Commit
BeginBlock
EndBlock
Commit
BeginBlock
EndBlock
Commit
BeginBlock
EndBlock
Commit
BeginBlock
EndBlock
Commit
BeginBlock
EndBlock
Commit
BeginBlock
EndBlock
Commit
BeginBlock
EndBlock
Commit
BeginBlock
EndBlock
Commit
BeginBlock
EndBlock
Commit
BeginBlock
EndBlock
Commit
BeginBlock
EndBlock
Commit
BeginBlock
EndBlock
Commit
BeginBlock
EndBlock
Commit
BeginBlock
EndBlock
Commit
BeginBlock
EndBlock
Commit
BeginBlock
EndBlock
Commit
BeginBlock
EndBlock
Commit
BeginBlock
EndBlock
Commit
BeginBlock
EndBlock
Commit
BeginBlock
EndBlock
Commit
BeginBlock
EndBlock
Commit
BeginBlock
EndBlock
Commit
BeginBlock
EndBlock
Commit
BeginBlock
EndBlock
Commit
BeginBlock
EndBlock
Commit
BeginBlock
EndBlock
Commit
BeginBlock
EndBlock
Commit
BeginBlock
EndBlock
Commit
BeginBlock
EndBlock
Commit
BeginBlock
EndBlock
Commit
BeginBlock
EndBlock
Commit
BeginBlock
EndBlock
Commit
BeginBlock
EndBlock
Commit
BeginBlock
EndBlock
Commit
BeginBlock
EndBlock
Commit
BeginBlock
EndBlock
Commit
BeginBlock
EndBlock
Commit
BeginBlock
EndBlock
Commit
BeginBlock
EndBlock
Commit
BeginBlock
EndBlock
Commit
BeginBlock
EndBlock
Commit
BeginBlock
EndBlock
Commit
BeginBlock
EndBlock
Commit
BeginBlock
EndBlock
Commit
BeginBlock
EndBlock
Commit
BeginBlock
EndBlock
Commit
BeginBlock
EndBlock
Commit
BeginBlock
EndBlock
Commit
BeginBlock
EndBlock
Commit
BeginBlock
EndBlock
Commit
BeginBlock
EndBlock
Commit
BeginBlock
EndBlock
Commit
BeginBlock
EndBlock
Commit
BeginBlock
EndBlock
Commit
BeginBlock
EndBlock
Commit
BeginBlock
EndBlock
Commit
BeginBlock
EndBlock
Commit
BeginBlock
EndBlock
Commit
BeginBlock
EndBlock
Commit
BeginBlock
EndBlock
Commit
BeginBlock
EndBlock
Commit
BeginBlock
EndBlock
Commit
BeginBlock
EndBlock
Commit
BeginBlock
EndBlock
Commit
BeginBlock
EndBlock
Commit
BeginBlock
EndBlock
Commit
BeginBlock
EndBlock
Commit
BeginBlock
EndBlock
Commit
BeginBlock
EndBlock
Commit
BeginBlock
EndBlock
Commit
BeginBlock
EndBlock
Commit
BeginBlock
EndBlock
Commit
BeginBlock
EndBlock
Commit
BeginBlock
EndBlock
Commit
BeginBlock
EndBlock
Commit
BeginBlock
EndBlock
Commit
BeginBlock
EndBlock
Commit
BeginBlock
EndBlock
Commit
BeginBlock
EndBlock
Commit
BeginBlock
EndBlock
Commit
BeginBlock
EndBlock
Commit
BeginBlock
EndBlock
Commit
BeginBlock
EndBlock
Commit
BeginBlock
EndBlock
Commit
BeginBlock
EndBlock
Commit
BeginBlock
EndBlock
Commit
BeginBlock
EndBlock
Commit
BeginBlock
EndBlock
Commit
BeginBlock
EndBlock
Commit
BeginBlock
EndBlock
Commit
BeginBlock
EndBlock
Commit
BeginBlock
EndBlock
Commit
BeginBlock
EndBlock
Commit
BeginBlock
EndBlock
Commit
BeginBlock
EndBlock
Commit
BeginBlock
EndBlock
Commit
BeginBlock
EndBlock
Commit
BeginBlock
EndBlock
Commit
BeginBlock
EndBlock
Commit
BeginBlock
EndBlock
Commit
BeginBlock
EndBlock
Commit
BeginBlock
EndBlock
Commit
BeginBlock
EndBlock
Commit
BeginBlock
EndBlock
Commit
BeginBlock
EndBlock
Commit
BeginBlock
EndBlock
Commit
BeginBlock
EndBlock
Commit
BeginBlock
EndBlock
Commit
BeginBlock
EndBlock
Commit
BeginBlock
EndBlock
Commit
BeginBlock
EndBlock
Commit
BeginBlock
EndBlock
Commit
BeginBlock
EndBlock
Commit
BeginBlock
EndBlock
Commit
BeginBlock
EndBlock
Commit
BeginBlock
EndBlock
Commit
BeginBlock
EndBlock
Commit
BeginBlock
EndBlock
Commit
BeginBlock
EndBlock
Commit
BeginBlock
EndBlock
Commit
BeginBlock
EndBlock
Commit
BeginBlock
EndBlock
Commit
BeginBlock
EndBlock
Commit
BeginBlock
EndBlock
Commit
BeginBlock
EndBlock
Commit
BeginBlock
EndBlock
Commit
BeginBlock
EndBlock
Commit
BeginBlock
EndBlock
Commit
BeginBlock
EndBlock
Commit
BeginBlock
EndBlock
Commit
BeginBlock
EndBlock
Commit
BeginBlock
EndBlock
Commit
BeginBlock
EndBlock
Commit
BeginBlock
EndBlock
Commit
BeginBlock
EndBlock
Commit
BeginBlock
EndBlock
Commit
BeginBlock
EndBlock
Commit
BeginBlock
EndBlock
Commit
BeginBlock
EndBlock
Commit
BeginBlock
EndBlock
Commit
BeginBlock
EndBlock
Commit
BeginBlock
EndBlock
Commit
BeginBlock
EndBlock
Commit
BeginBlock
EndBlock
Commit
BeginBlock
EndBlock
Commit
BeginBlock
EndBlock
Commit
BeginBlock
EndBlock
Commit
BeginBlock
EndBlock
Commit
BeginBlock
EndBlock
Commit
BeginBlock
EndBlock
Commit
BeginBlock
EndBlock
Commit
BeginBlock
EndBlock
Commit
BeginBlock
EndBlock
Commit
BeginBlock
EndBlock
Commit
BeginBlock
EndBlock
Commit
BeginBlock
EndBlock
Commit
BeginBlock
EndBlock
Commit
BeginBlock
EndBlock
Commit
BeginBlock
EndBlock
Commit
BeginBlock
EndBlock
Commit
BeginBlock
EndBlock
Commit
BeginBlock
EndBlock
Commit
BeginBlock
EndBlock
Commit
BeginBlock
EndBlock
Commit
BeginBlock
EndBlock
Commit
BeginBlock
EndBlock
Commit
BeginBlock
EndBlock
Commit
BeginBlock
EndBlock
Commit
BeginBlock
EndBlock
Commit
BeginBlock
EndBlock
Commit
BeginBlock
EndBlock
Commit
BeginBlock
EndBlock
Commit
BeginBlock
EndBlock
Commit
BeginBlock
EndBlock
Commit
BeginBlock
EndBlock
Commit
BeginBlock
EndBlock
Commit
BeginBlock
EndBlock
Commit
BeginBlock
EndBlock
Commit
BeginBlock
EndBlock
Commit
BeginBlock
EndBlock
Commit
BeginBlock
EndBlock
Commit
BeginBlock
EndBlock
Commit
BeginBlock
EndBlock
Commit
BeginBlock
EndBlock
Commit
BeginBlock
EndBlock
Commit
BeginBlock
EndBlock
Commit
BeginBlock
EndBlock
Commit
BeginBlock
EndBlock
Commit
BeginBlock
EndBlock
Commit
BeginBlock
EndBlock
Commit
BeginBlock
EndBlock
Commit
BeginBlock
EndBlock
Commit
BeginBlock
EndBlock
Commit
BeginBlock
EndBlock
Commit
BeginBlock
EndBlock
Commit
BeginBlock
EndBlock
Commit
BeginBlock
EndBlock
Commit
BeginBlock
EndBlock
Commit
BeginBlock
EndBlock
Commit
BeginBlock
EndBlock
Commit
BeginBlock
EndBlock
Commit
BeginBlock
EndBlock
Commit
BeginBlock
EndBlock
Commit
BeginBlock
EndBlock
Commit
BeginBlock
EndBlock
Commit
BeginBlock
EndBlock
Commit
BeginBlock
EndBlock
Commit
BeginBlock
EndBlock
Commit
BeginBlock
EndBlock
Commit
BeginBlock
EndBlock
Commit
BeginBlock
EndBlock
Commit
BeginBlock
EndBlock
Commit
BeginBlock
EndBlock
Commit
BeginBlock
EndBlock
Commit
BeginBlock
EndBlock
Commit
BeginBlock
EndBlock
Commit
BeginBlock
EndBlock
Commit
BeginBlock
EndBlock
Commit
BeginBlock
EndBlock
Commit
BeginBlock
EndBlock
Commit
BeginBlock
EndBlock
Commit
BeginBlock
EndBlock
Commit
BeginBlock
EndBlock
Commit
BeginBlock
EndBlock
Commit
BeginBlock
EndBlock
Commit
BeginBlock
EndBlock
Commit
BeginBlock
EndBlock
Commit
BeginBlock
EndBlock
Commit
BeginBlock
EndBlock
Commit
BeginBlock
EndBlock
Commit
BeginBlock
EndBlock
Commit
BeginBlock
EndBlock
Commit
BeginBlock
EndBlock
Commit
BeginBlock
EndBlock
Commit
BeginBlock
EndBlock
Commit
BeginBlock
EndBlock
Commit
BeginBlock
EndBlock
Commit
BeginBlock
EndBlock
Commit
BeginBlock
EndBlock
Commit
BeginBlock
EndBlock
Commit
BeginBlock
EndBlock
Commit
BeginBlock
EndBlock
Commit
BeginBlock
EndBlock
Commit
BeginBlock
EndBlock
Commit
BeginBlock
EndBlock
Commit
BeginBlock
EndBlock
Commit
BeginBlock
EndBlock
Commit
BeginBlock
EndBlock
Commit
BeginBlock
EndBlock
Commit
BeginBlock
EndBlock
Commit
BeginBlock
EndBlock
Commit
BeginBlock
EndBlock
Commit
BeginBlock
EndBlock
Commit
BeginBlock
EndBlock
Commit
BeginBlock
EndBlock
Commit
BeginBlock
EndBlock
Commit
BeginBlock
EndBlock
Commit
BeginBlock
EndBlock
Commit
BeginBlock
EndBlock
Commit
BeginBlock
EndBlock
Commit
BeginBlock
EndBlock
Commit
BeginBlock
EndBlock
Commit
BeginBlock
EndBlock
Commit
BeginBlock
EndBlock
Commit
BeginBlock
EndBlock
Commit
BeginBlock
EndBlock
Commit
BeginBlock
EndBlock
Commit
BeginBlock
EndBlock
Commit
BeginBlock
EndBlock
Commit
BeginBlock
EndBlock
Commit
BeginBlock
EndBlock
Commit
BeginBlock
EndBlock
Commit
BeginBlock
EndBlock
Commit
BeginBlock
EndBlock
Commit
BeginBlock
EndBlock
Commit
BeginBlock
EndBlock
Commit
BeginBlock
EndBlock
Commit
BeginBlock
EndBlock
Commit
BeginBlock
EndBlock
Commit
BeginBlock
EndBlock
Commit
BeginBlock
EndBlock
Commit
BeginBlock
EndBlock
Commit
BeginBlock
EndBlock
Commit
BeginBlock
EndBlock
Commit
BeginBlock
EndBlock
Commit
BeginBlock
EndBlock
Commit
BeginBlock
EndBlock
Commit
BeginBlock
EndBlock
Commit
BeginBlock
EndBlock
Commit
BeginBlock
EndBlock
Commit
BeginBlock
EndBlock
Commit
BeginBlock
EndBlock
Commit
BeginBlock
EndBlock
Commit
BeginBlock
EndBlock
Commit
BeginBlock
EndBlock
Commit
BeginBlock
EndBlock
Commit
BeginBlock
EndBlock
Commit
BeginBlock
EndBlock
Commit
BeginBlock
EndBlock
Commit
BeginBlock
EndBlock
Commit
BeginBlock
EndBlock
Commit
BeginBlock
EndBlock
Commit
BeginBlock
EndBlock
Commit
BeginBlock
EndBlock
Commit
BeginBlock
EndBlock
Commit
BeginBlock
EndBlock
Commit
BeginBlock
EndBlock
Commit
BeginBlock
EndBlock
Commit
BeginBlock
EndBlock
Commit
BeginBlock
EndBlock
Commit
BeginBlock
EndBlock
Commit
BeginBlock
EndBlock
Commit
BeginBlock
EndBlock
Commit
BeginBlock
EndBlock
Commit
BeginBlock
EndBlock
Commit
BeginBlock
EndBlock
Commit
BeginBlock
EndBlock
Commit
BeginBlock
EndBlock
Commit
BeginBlock
EndBlock
Commit
BeginBlock
EndBlock
Commit
BeginBlock
EndBlock
Commit
BeginBlock
EndBlock
Commit
BeginBlock
EndBlock
Commit
BeginBlock
EndBlock
Commit
BeginBlock
EndBlock
Commit
BeginBlock
EndBlock
Commit
BeginBlock
EndBlock
Commit
BeginBlock
EndBlock
Commit
BeginBlock
EndBlock
Commit
BeginBlock
EndBlock
Commit
BeginBlock
EndBlock
Commit
BeginBlock
EndBlock
Commit
BeginBlock
EndBlock
Commit
BeginBlock
EndBlock
Commit
BeginBlock
EndBlock
Commit
BeginBlock
EndBlock
Commit
BeginBlock
EndBlock
Commit
BeginBlock
EndBlock
Commit
BeginBlock
EndBlock
Commit
BeginBlock
EndBlock
Commit
BeginBlock
EndBlock
Commit
BeginBlock
EndBlock
Commit
BeginBlock
EndBlock
Commit
BeginBlock
EndBlock
Commit
BeginBlock
EndBlock
Commit
BeginBlock
EndBlock
Commit
BeginBlock
EndBlock
Commit
BeginBlock
EndBlock
Commit
BeginBlock
EndBlock
Commit
BeginBlock
EndBlock
Commit
BeginBlock
EndBlock
Commit
BeginBlock
EndBlock
Commit
BeginBlock
EndBlock
Commit
BeginBlock
EndBlock
Commit
BeginBlock
EndBlock
Commit
BeginBlock
EndBlock
Commit
BeginBlock
EndBlock
Commit
BeginBlock
EndBlock
Commit
BeginBlock
EndBlock
Commit
BeginBlock
EndBlock
Commit
BeginBlock
EndBlock
Commit
BeginBlock
EndBlock
Commit
BeginBlock
EndBlock
Commit
BeginBlock
EndBlock
Commit
BeginBlock
EndBlock
Commit
BeginBlock
EndBlock
Commit
BeginBlock
EndBlock
Commit
BeginBlock
EndBlock
Commit
BeginBlock
EndBlock
Commit
BeginBlock
EndBlock
Commit
BeginBlock
EndBlock
Commit
BeginBlock
EndBlock
Commit
BeginBlock
EndBlock
Commit
BeginBlock
EndBlock
Commit
BeginBlock
EndBlock
Commit
BeginBlock
EndBlock
Commit
BeginBlock
EndBlock
Commit
BeginBlock
EndBlock
Commit
BeginBlock
EndBlock
Commit
BeginBlock
EndBlock
Commit
BeginBlock
EndBlock
Commit
BeginBlock
EndBlock
Commit
BeginBlock
EndBlock
Commit
BeginBlock
EndBlock
Commit
BeginBlock
EndBlock
Commit
BeginBlock
EndBlock
Commit
BeginBlock
EndBlock
Commit
BeginBlock
EndBlock
Commit
BeginBlock
EndBlock
Commit
BeginBlock
EndBlock
Commit
BeginBlock
EndBlock
Commit
BeginBlock
EndBlock
Commit
BeginBlock
EndBlock
Commit
BeginBlock
EndBlock
Commit
BeginBlock
EndBlock
Commit
BeginBlock
EndBlock
Commit
BeginBlock
EndBlock
Commit
BeginBlock
EndBlock
Commit
BeginBlock
EndBlock
Commit
BeginBlock
EndBlock
Commit
BeginBlock
EndBlock
Commit
BeginBlock
EndBlock
Commit
BeginBlock
EndBlock
Commit
BeginBlock
EndBlock
Commit
BeginBlock
EndBlock
Commit
BeginBlock
EndBlock
Commit
BeginBlock
EndBlock
Commit
BeginBlock
EndBlock
Commit
BeginBlock
EndBlock
Commit
BeginBlock
EndBlock
Commit
BeginBlock
EndBlock
Commit
BeginBlock
EndBlock
Commit
BeginBlock
EndBlock
Commit
BeginBlock
EndBlock
Commit
BeginBlock
EndBlock
Commit
BeginBlock
EndBlock
Commit
BeginBlock
EndBlock
Commit
BeginBlock
EndBlock
Commit
BeginBlock
EndBlock
Commit
BeginBlock
EndBlock
Commit
BeginBlock
EndBlock
Commit
BeginBlock
EndBlock
Commit
BeginBlock
EndBlock
Commit
BeginBlock
EndBlock
Commit
BeginBlock
EndBlock
Commit
BeginBlock
EndBlock
Commit
BeginBlock
EndBlock
Commit
BeginBlock
EndBlock
Commit
BeginBlock
EndBlock
Commit
BeginBlock
EndBlock
Commit
BeginBlock
EndBlock
Commit
BeginBlock
EndBlock
Commit
BeginBlock
EndBlock
Commit
BeginBlock
EndBlock
Commit
BeginBlock
EndBlock
Commit
BeginBlock
EndBlock
Commit
BeginBlock
EndBlock
Commit
BeginBlock
EndBlock
Commit
BeginBlock
EndBlock
Commit
BeginBlock
EndBlock
Commit
BeginBlock
EndBlock
Commit
BeginBlock
EndBlock
Commit
BeginBlock
EndBlock
Commit
BeginBlock
EndBlock
Commit
BeginBlock
EndBlock
Commit
BeginBlock
EndBlock
Commit
BeginBlock
EndBlock
Commit
BeginBlock
EndBlock
Commit
BeginBlock
EndBlock
Commit
BeginBlock
EndBlock
Commit
BeginBlock
EndBlock
Commit
BeginBlock
EndBlock
Commit
BeginBlock
EndBlock
Commit
BeginBlock
EndBlock
Commit
BeginBlock
EndBlock
Commit
BeginBlock
EndBlock
Commit
BeginBlock
EndBlock
Commit
BeginBlock
EndBlock
Commit
BeginBlock
EndBlock
Commit
BeginBlock
EndBlock
Commit
BeginBlock
EndBlock
Commit
BeginBlock
EndBlock
Commit
BeginBlock
EndBlock
Commit
BeginBlock
EndBlock
Commit
BeginBlock
EndBlock
Commit
BeginBlock
EndBlock
Commit
BeginBlock
EndBlock
Commit
BeginBlock
EndBlock
Commit
BeginBlock
EndBlock
Commit
BeginBlock
EndBlock
Commit
BeginBlock
EndBlock
Commit
BeginBlock
EndBlock
Commit
BeginBlock
EndBlock
Commit
BeginBlock
EndBlock
Commit
BeginBlock
EndBlock
Commit
BeginBlock
EndBlock
Commit
BeginBlock
EndBlock
Commit
BeginBlock
EndBlock
Commit
BeginBlock
EndBlock
Commit
BeginBlock
EndBlock
Commit
BeginBlock
EndBlock
Commit
BeginBlock
EndBlock
Commit
BeginBlock
EndBlock
Commit
BeginBlock
EndBlock
Commit
BeginBlock
EndBlock
Commit
BeginBlock
EndBlock
Commit
BeginBlock
EndBlock
Commit
BeginBlock
EndBlock
Commit
BeginBlock
EndBlock
Commit
BeginBlock
EndBlock
Commit
BeginBlock
EndBlock
Commit
BeginBlock
EndBlock
Commit
BeginBlock
EndBlock
Commit
BeginBlock
EndBlock
Commit
BeginBlock
EndBlock
Commit
BeginBlock
EndBlock
Commit
BeginBlock
EndBlock
Commit
BeginBlock
EndBlock
Commit
BeginBlock
EndBlock
Commit
BeginBlock
EndBlock
Commit
BeginBlock
EndBlock
Commit
BeginBlock
EndBlock
Commit
BeginBlock
EndBlock
Commit
BeginBlock
EndBlock
Commit
BeginBlock
EndBlock
Commit
BeginBlock
EndBlock
Commit
BeginBlock
EndBlock
Commit
BeginBlock
EndBlock
Commit
BeginBlock
EndBlock
Commit
BeginBlock
EndBlock
Commit
BeginBlock
EndBlock
Commit
BeginBlock
EndBlock
Commit
BeginBlock
EndBlock
Commit
BeginBlock
EndBlock
Commit
BeginBlock
EndBlock
Commit
BeginBlock
EndBlock
Commit
BeginBlock
EndBlock
Commit
BeginBlock
EndBlock
Commit
BeginBlock
EndBlock
Commit
BeginBlock
EndBlock
Commit
BeginBlock
EndBlock
Commit
BeginBlock
EndBlock
Commit
BeginBlock
EndBlock
Commit
BeginBlock
EndBlock
Commit
BeginBlock
EndBlock
Commit
BeginBlock
EndBlock
Commit
BeginBlock
EndBlock
Commit
BeginBlock
EndBlock
Commit
BeginBlock
EndBlock
Commit
BeginBlock
EndBlock
Commit
BeginBlock
EndBlock
Commit
BeginBlock
EndBlock
Commit
BeginBlock
EndBlock
Commit
BeginBlock
EndBlock
Commit
BeginBlock
EndBlock
Commit
BeginBlock
EndBlock
Commit
BeginBlock
EndBlock
Commit
BeginBlock
EndBlock
Commit
BeginBlock
EndBlock
Commit
BeginBlock
EndBlock
Commit
BeginBlock
EndBlock
Commit
BeginBlock
EndBlock
Commit
BeginBlock
EndBlock
Commit
BeginBlock
EndBlock
Commit
BeginBlock
EndBlock
Commit
BeginBlock
EndBlock
Commit
BeginBlock
EndBlock
Commit
BeginBlock
EndBlock
Commit
BeginBlock
EndBlock
Commit
BeginBlock
EndBlock
Commit
BeginBlock
EndBlock
Commit
BeginBlock
EndBlock
Commit
BeginBlock
EndBlock
Commit
BeginBlock
EndBlock
Commit
BeginBlock
EndBlock
Commit
BeginBlock
EndBlock
Commit
BeginBlock
EndBlock
Commit
BeginBlock
EndBlock
Commit
BeginBlock
EndBlock
Commit
BeginBlock
EndBlock
Commit
BeginBlock
EndBlock
Commit
BeginBlock
EndBlock
Commit
BeginBlock
EndBlock
Commit
BeginBlock
EndBlock
Commit
BeginBlock
EndBlock
Commit
BeginBlock
EndBlock
Commit
BeginBlock
EndBlock
Commit
BeginBlock
EndBlock
Commit
BeginBlock
EndBlock
Commit
BeginBlock
EndBlock
Commit
BeginBlock
EndBlock
Commit
BeginBlock
EndBlock
Commit
BeginBlock
EndBlock
Commit
BeginBlock
EndBlock
Commit
BeginBlock
EndBlock
Commit
BeginBlock
EndBlock
Commit
BeginBlock
EndBlock
Commit
BeginBlock
EndBlock
Commit
BeginBlock
EndBlock
Commit
BeginBlock
EndBlock
Commit
BeginBlock
EndBlock
Commit
BeginBlock
EndBlock
Commit
BeginBlock
EndBlock
Commit
BeginBlock
EndBlock
Commit
BeginBlock
EndBlock
Commit
BeginBlock
EndBlock
Commit
BeginBlock
EndBlock
Commit
BeginBlock
EndBlock
Commit
BeginBlock
EndBlock
Commit
BeginBlock
EndBlock
Commit
BeginBlock
EndBlock
Commit
BeginBlock
EndBlock
Commit
BeginBlock
EndBlock
Commit
BeginBlock
EndBlock
Commit
BeginBlock
EndBlock
Commit
BeginBlock
EndBlock
Commit
BeginBlock
EndBlock
Commit
BeginBlock
EndBlock
Commit
BeginBlock
EndBlock
Commit
BeginBlock
EndBlock
Commit
BeginBlock
EndBlock
Commit
BeginBlock
EndBlock
Commit
BeginBlock
EndBlock
Commit
BeginBlock
EndBlock
Commit
BeginBlock
EndBlock
Commit
BeginBlock
EndBlock
Commit
BeginBlock
EndBlock
Commit
BeginBlock
EndBlock
Commit
BeginBlock
EndBlock
Commit
BeginBlock
EndBlock
Commit
BeginBlock
EndBlock
Commit
BeginBlock
EndBlock
Commit
BeginBlock
EndBlock
Commit
BeginBlock
EndBlock
Commit
BeginBlock
EndBlock
Commit
BeginBlock
EndBlock
Commit
BeginBlock
EndBlock
Commit
BeginBlock
EndBlock
Commit
BeginBlock
EndBlock
Commit
BeginBlock
EndBlock
Commit
BeginBlock
EndBlock
Commit
BeginBlock
EndBlock
Commit
BeginBlock
EndBlock
Commit
BeginBlock
EndBlock
Commit
BeginBlock
EndBlock
Commit
BeginBlock
EndBlock
Commit
BeginBlock
EndBlock
Commit
BeginBlock
EndBlock
Commit
BeginBlock
EndBlock
Commit
BeginBlock
EndBlock
Commit
BeginBlock
EndBlock
Commit
BeginBlock
EndBlock
Commit
BeginBlock
EndBlock
Commit
BeginBlock
EndBlock
Commit
BeginBlock
EndBlock
Commit
BeginBlock
EndBlock
Commit
BeginBlock
EndBlock
Commit
BeginBlock
EndBlock
Commit
BeginBlock
EndBlock
Commit
BeginBlock
EndBlock
Commit
BeginBlock
EndBlock
Commit
BeginBlock
EndBlock
Commit
BeginBlock
EndBlock
Commit
BeginBlock
EndBlock
Commit
BeginBlock
EndBlock
Commit
BeginBlock
EndBlock
Commit
BeginBlock
EndBlock
Commit
BeginBlock
EndBlock
Commit
BeginBlock
EndBlock
Commit
BeginBlock
EndBlock
Commit
BeginBlock
EndBlock
Commit
BeginBlock
EndBlock
Commit
BeginBlock
EndBlock
Commit
BeginBlock
EndBlock
Commit
BeginBlock
EndBlock
Commit
BeginBlock
EndBlock
Commit
BeginBlock
EndBlock
Commit
BeginBlock
EndBlock
Commit
BeginBlock
EndBlock
Commit
BeginBlock
EndBlock
Commit
BeginBlock
EndBlock
Commit
BeginBlock
EndBlock
Commit
BeginBlock
EndBlock
Commit
BeginBlock
EndBlock
Commit
BeginBlock
EndBlock
Commit
BeginBlock
EndBlock
Commit
BeginBlock
EndBlock
Commit
BeginBlock
EndBlock
Commit
BeginBlock
EndBlock
Commit
BeginBlock
EndBlock
Commit
BeginBlock
EndBlock
Commit
BeginBlock
EndBlock
Commit
BeginBlock
EndBlock
Commit
BeginBlock
EndBlock
Commit
BeginBlock
EndBlock
Commit
BeginBlock
EndBlock
Commit
BeginBlock
EndBlock
Commit
BeginBlock
EndBlock
Commit
BeginBlock
EndBlock
Commit
BeginBlock
EndBlock
Commit
BeginBlock
EndBlock
Commit
BeginBlock
EndBlock
Commit
BeginBlock
EndBlock
Commit
BeginBlock
EndBlock
Commit
BeginBlock
EndBlock
Commit
BeginBlock
EndBlock
Commit
BeginBlock
EndBlock
Commit
BeginBlock
EndBlock
Commit
BeginBlock
EndBlock
Commit
BeginBlock
EndBlock
Commit
BeginBlock
EndBlock
Commit
BeginBlock
EndBlock
Commit
BeginBlock
EndBlock
Commit
BeginBlock
EndBlock
Commit
BeginBlock
EndBlock
Commit
BeginBlock
EndBlock
Commit
BeginBlock
EndBlock
Commit
BeginBlock
EndBlock
Commit
BeginBlock
EndBlock
Commit
BeginBlock
EndBlock
Commit
BeginBlock
EndBlock
Commit
BeginBlock
EndBlock
Commit
BeginBlock
EndBlock
Commit
BeginBlock
EndBlock
Commit
BeginBlock
EndBlock
Commit
BeginBlock
EndBlock
Commit
BeginBlock
EndBlock
Commit
BeginBlock
EndBlock
Commit
BeginBlock
EndBlock
Commit
BeginBlock
EndBlock
Commit
BeginBlock
EndBlock
Commit
BeginBlock
EndBlock
Commit
BeginBlock
EndBlock
Commit
BeginBlock
EndBlock
Commit
BeginBlock
EndBlock
Commit
BeginBlock
EndBlock
Commit
BeginBlock
EndBlock
Commit
BeginBlock
EndBlock
Commit
BeginBlock
EndBlock
Commit
BeginBlock
EndBlock
Commit
BeginBlock
EndBlock
Commit
BeginBlock
EndBlock
Commit
BeginBlock
EndBlock
Commit
BeginBlock
EndBlock
Commit
BeginBlock
EndBlock
Commit
BeginBlock
EndBlock
Commit
BeginBlock
EndBlock
Commit
BeginBlock
EndBlock
Commit
BeginBlock
EndBlock
Commit
BeginBlock
EndBlock
Commit
BeginBlock
EndBlock
Commit
BeginBlock
EndBlock
Commit
BeginBlock
EndBlock
Commit
BeginBlock
EndBlock
Commit
BeginBlock
EndBlock
Commit
BeginBlock
EndBlock
Commit
BeginBlock
EndBlock
Commit
BeginBlock
EndBlock
Commit
BeginBlock
EndBlock
Commit
BeginBlock
EndBlock
Commit
BeginBlock
EndBlock
Commit
BeginBlock
EndBlock
Commit
BeginBlock
EndBlock
Commit
BeginBlock
EndBlock
Commit
BeginBlock
EndBlock
Commit
BeginBlock
EndBlock
Commit
BeginBlock
EndBlock
Commit
BeginBlock
EndBlock
Commit
BeginBlock
EndBlock
Commit
BeginBlock
EndBlock
Commit
BeginBlock
EndBlock
Commit
BeginBlock
EndBlock
Commit
BeginBlock
EndBlock
Commit
BeginBlock
EndBlock
Commit
BeginBlock
EndBlock
Commit
BeginBlock
EndBlock
Commit
BeginBlock
EndBlock
Commit
BeginBlock
EndBlock
Commit
BeginBlock
EndBlock
Commit
BeginBlock
EndBlock
Commit
BeginBlock
EndBlock
Commit
BeginBlock
EndBlock
Commit
BeginBlock
EndBlock
Commit
BeginBlock
EndBlock
Commit
BeginBlock
EndBlock
Commit
BeginBlock
EndBlock
Commit
BeginBlock
EndBlock
Commit
BeginBlock
EndBlock
Commit
BeginBlock
EndBlock
Commit
BeginBlock
EndBlock
Commit
BeginBlock
EndBlock
Commit
BeginBlock
EndBlock
Commit
BeginBlock
EndBlock
Commit
BeginBlock
EndBlock
Commit
BeginBlock
EndBlock
Commit
BeginBlock
EndBlock
Commit
BeginBlock
EndBlock
Commit
BeginBlock
EndBlock
Commit
BeginBlock
EndBlock
Commit
BeginBlock
EndBlock
Commit
BeginBlock
EndBlock
Commit
BeginBlock
EndBlock
Commit
BeginBlock
EndBlock
Commit
BeginBlock
EndBlock
Commit
BeginBlock
EndBlock
Commit
BeginBlock
EndBlock
Commit
BeginBlock
EndBlock
Commit
BeginBlock
EndBlock
Commit
BeginBlock
EndBlock
Commit
BeginBlock
EndBlock
Commit
BeginBlock
EndBlock
Commit
BeginBlock
EndBlock
Commit
BeginBlock
EndBlock
Commit
BeginBlock
EndBlock
Commit
BeginBlock
EndBlock
Commit
BeginBlock
EndBlock
Commit
BeginBlock
EndBlock
Commit
BeginBlock
EndBlock
Commit
BeginBlock
EndBlock
Commit
BeginBlock
EndBlock
Commit
BeginBlock
EndBlock
Commit
BeginBlock
EndBlock
Commit
BeginBlock
EndBlock
Commit
BeginBlock
EndBlock
Commit
BeginBlock
EndBlock
Commit
BeginBlock
EndBlock
Commit
BeginBlock
EndBlock
Commit
BeginBlock
EndBlock
Commit
BeginBlock
EndBlock
Commit
BeginBlock
EndBlock
Commit
BeginBlock
EndBlock
Commit
BeginBlock
EndBlock
Commit
BeginBlock
EndBlock
Commit
BeginBlock
EndBlock
Commit
BeginBlock
EndBlock
Commit
BeginBlock
EndBlock
Commit
BeginBlock
EndBlock
Commit
BeginBlock
EndBlock
Commit
BeginBlock
EndBlock
Commit
BeginBlock
EndBlock
Commit
BeginBlock
EndBlock
Commit
BeginBlock
EndBlock
Commit
BeginBlock
EndBlock
Commit
BeginBlock
EndBlock
Commit
BeginBlock
EndBlock
Commit
BeginBlock
EndBlock
Commit
BeginBlock
EndBlock
Commit
BeginBlock
EndBlock
Commit
BeginBlock
EndBlock
Commit
BeginBlock
EndBlock
Commit
BeginBlock
EndBlock
Commit
BeginBlock
EndBlock
Commit
BeginBlock
EndBlock
Commit
BeginBlock
EndBlock
Commit
BeginBlock
EndBlock
Commit
BeginBlock
EndBlock
Commit
BeginBlock
EndBlock
Commit
BeginBlock
EndBlock
Commit
BeginBlock
EndBlock
Commit
BeginBlock
EndBlock
Commit
BeginBlock
EndBlock
Commit
BeginBlock
EndBlock
Commit
BeginBlock
EndBlock
Commit
BeginBlock
EndBlock
Commit
BeginBlock
EndBlock
Commit
BeginBlock
EndBlock
Commit
BeginBlock
EndBlock
Commit
BeginBlock
EndBlock
Commit
BeginBlock
EndBlock
Commit
BeginBlock
EndBlock
Commit
BeginBlock
EndBlock
Commit
BeginBlock
EndBlock
Commit
BeginBlock
EndBlock
Commit
BeginBlock
EndBlock
Commit
BeginBlock
EndBlock
Commit
BeginBlock
EndBlock
Commit
BeginBlock
EndBlock
Commit
BeginBlock
EndBlock
Commit
BeginBlock
EndBlock
Commit
BeginBlock
EndBlock
Commit
BeginBlock
EndBlock
Commit
BeginBlock
EndBlock
Commit
BeginBlock
EndBlock
Commit
BeginBlock
EndBlock
Commit
BeginBlock
EndBlock
Commit
BeginBlock
EndBlock
Commit
BeginBlock
EndBlock
Commit
BeginBlock
EndBlock
Commit
BeginBlock
EndBlock
Commit
BeginBlock
EndBlock
Commit
BeginBlock
EndBlock
Commit
BeginBlock
EndBlock
Commit
BeginBlock
EndBlock
Commit
BeginBlock
EndBlock
Commit
BeginBlock
EndBlock
Commit
BeginBlock
EndBlock
Commit
BeginBlock
EndBlock
Commit
BeginBlock
EndBlock
Commit
BeginBlock
EndBlock
Commit
BeginBlock
EndBlock
Commit
BeginBlock
EndBlock
Commit
BeginBlock
EndBlock
Commit
BeginBlock
EndBlock
Commit
BeginBlock
EndBlock
Commit
BeginBlock
EndBlock
Commit
BeginBlock
EndBlock
Commit
BeginBlock
EndBlock
Commit
BeginBlock
EndBlock
Commit
BeginBlock
EndBlock
Commit
BeginBlock
EndBlock
Commit
BeginBlock
EndBlock
Commit
BeginBlock
EndBlock
Commit
BeginBlock
EndBlock
Commit
BeginBlock
EndBlock
Commit
BeginBlock
EndBlock
Commit
BeginBlock
EndBlock
Commit
BeginBlock
EndBlock
Commit
BeginBlock
EndBlock
Commit
BeginBlock
EndBlock
Commit
BeginBlock
EndBlock
Commit
BeginBlock
EndBlock
Commit
BeginBlock
EndBlock
Commit
BeginBlock
EndBlock
Commit
BeginBlock
EndBlock
Commit
BeginBlock
EndBlock
Commit
BeginBlock
EndBlock
Commit
BeginBlock
EndBlock
Commit
BeginBlock
EndBlock
Commit
BeginBlock
EndBlock
Commit
BeginBlock
EndBlock
Commit
BeginBlock
EndBlock
Commit
BeginBlock
EndBlock
Commit
BeginBlock
EndBlock
Commit
BeginBlock
EndBlock
Commit
BeginBlock
EndBlock
Commit
BeginBlock
EndBlock
Commit
BeginBlock
EndBlock
Commit
BeginBlock
EndBlock
Commit
BeginBlock
EndBlock
Commit
BeginBlock
EndBlock
Commit
BeginBlock
EndBlock
Commit
BeginBlock
EndBlock
Commit
BeginBlock
EndBlock
Commit
BeginBlock
EndBlock
Commit
BeginBlock
EndBlock
Commit
BeginBlock
EndBlock
Commit
BeginBlock
EndBlock
Commit
BeginBlock
EndBlock
Commit
BeginBlock
EndBlock
Commit
BeginBlock
EndBlock
Commit
BeginBlock
EndBlock
Commit
BeginBlock
EndBlock
Commit
BeginBlock
EndBlock
Commit
BeginBlock
EndBlock
Commit
BeginBlock
EndBlock
Commit
BeginBlock
EndBlock
Commit
BeginBlock
EndBlock
Commit
BeginBlock
EndBlock
Commit
BeginBlock
EndBlock
Commit
BeginBlock
EndBlock
Commit
BeginBlock
EndBlock
Commit
BeginBlock
EndBlock
Commit
BeginBlock
EndBlock
Commit
BeginBlock
EndBlock
Commit
BeginBlock
EndBlock
Commit
BeginBlock
EndBlock
Commit
BeginBlock
EndBlock
Commit
BeginBlock
EndBlock
Commit
BeginBlock
EndBlock
Commit
BeginBlock
EndBlock
Commit
BeginBlock
EndBlock
Commit
BeginBlock
EndBlock
Commit
BeginBlock
EndBlock
Commit
BeginBlock
EndBlock
Commit
BeginBlock
EndBlock
Commit
BeginBlock
EndBlock
Commit
BeginBlock
EndBlock
Commit
BeginBlock
EndBlock
Commit
BeginBlock
EndBlock
Commit
BeginBlock
EndBlock
Commit
BeginBlock
EndBlock
Commit
BeginBlock
EndBlock
Commit
BeginBlock
EndBlock
Commit
BeginBlock
EndBlock
Commit
BeginBlock
EndBlock
Commit
BeginBlock
EndBlock
Commit
BeginBlock
EndBlock
Commit
BeginBlock
EndBlock
Commit
BeginBlock
EndBlock
Commit
BeginBlock
EndBlock
Commit
BeginBlock
EndBlock
Commit
BeginBlock
EndBlock
Commit
BeginBlock
EndBlock
Commit
BeginBlock
EndBlock
Commit
BeginBlock
EndBlock
Commit
BeginBlock
EndBlock
Commit
BeginBlock
EndBlock
Commit
BeginBlock
EndBlock
Commit
BeginBlock
EndBlock
Commit
BeginBlock
EndBlock
Commit
BeginBlock
EndBlock
Commit
BeginBlock
EndBlock
Commit
BeginBlock
EndBlock
Commit
BeginBlock
EndBlock
Commit
BeginBlock
EndBlock
Commit
BeginBlock
EndBlock
Commit
BeginBlock
EndBlock
Commit
BeginBlock
EndBlock
Commit
BeginBlock
EndBlock
Commit
BeginBlock
EndBlock
Commit
BeginBlock
EndBlock
Commit
BeginBlock
EndBlock
Commit
BeginBlock
EndBlock
Commit
BeginBlock
EndBlock
Commit
BeginBlock
EndBlock
Commit
BeginBlock
EndBlock
Commit
BeginBlock
EndBlock
Commit
BeginBlock
EndBlock
Commit
BeginBlock
EndBlock
Commit
BeginBlock
EndBlock
Commit
BeginBlock
EndBlock
Commit
BeginBlock
EndBlock
Commit
BeginBlock
EndBlock
Commit
BeginBlock
EndBlock
Commit
BeginBlock
EndBlock
Commit
BeginBlock
EndBlock
Commit
BeginBlock
EndBlock
Commit
BeginBlock
EndBlock
Commit
BeginBlock
EndBlock
Commit
BeginBlock
EndBlock
Commit
BeginBlock
EndBlock
Commit
BeginBlock
EndBlock
Commit
BeginBlock
EndBlock
Commit
BeginBlock
EndBlock
Commit
BeginBlock
EndBlock
Commit
BeginBlock
EndBlock
Commit
BeginBlock
EndBlock
Commit
BeginBlock
EndBlock
Commit
BeginBlock
EndBlock
Commit
BeginBlock
EndBlock
Commit
BeginBlock
EndBlock
Commit
BeginBlock
EndBlock
Commit
BeginBlock
EndBlock
Commit
BeginBlock
EndBlock
Commit
BeginBlock
EndBlock
Commit
BeginBlock
EndBlock
Commit
BeginBlock
EndBlock
Commit
BeginBlock
EndBlock
Commit
BeginBlock
EndBlock
Commit
BeginBlock
EndBlock
Commit
BeginBlock
EndBlock
Commit
BeginBlock
EndBlock
Commit
BeginBlock
EndBlock
Commit
BeginBlock
EndBlock
Commit
BeginBlock
EndBlock
Commit
BeginBlock
EndBlock
Commit
BeginBlock
EndBlock
Commit
BeginBlock
EndBlock
Commit
BeginBlock
EndBlock
Commit
BeginBlock
EndBlock
Commit
BeginBlock
EndBlock
Commit
BeginBlock
EndBlock
Commit
BeginBlock
EndBlock
Commit
BeginBlock
EndBlock
Commit
BeginBlock
EndBlock
Commit
BeginBlock
EndBlock
Commit
BeginBlock
EndBlock
Commit
BeginBlock
EndBlock
Commit
BeginBlock
EndBlock
Commit
BeginBlock
EndBlock
Commit
BeginBlock
EndBlock
Commit
BeginBlock
EndBlock
Commit
BeginBlock
EndBlock
Commit
BeginBlock
EndBlock
Commit
BeginBlock
EndBlock
Commit
BeginBlock
EndBlock
Commit
BeginBlock
EndBlock
Commit
BeginBlock
EndBlock
Commit
BeginBlock
EndBlock
Commit
BeginBlock
EndBlock
Commit
BeginBlock
EndBlock
Commit
BeginBlock
EndBlock
Commit
BeginBlock
EndBlock
Commit
BeginBlock
EndBlock
Commit
BeginBlock
EndBlock
Commit
BeginBlock
EndBlock
Commit
BeginBlock
EndBlock
Commit
BeginBlock
EndBlock
Commit
BeginBlock
EndBlock
Commit
BeginBlock
EndBlock
Commit
BeginBlock
EndBlock
Commit
BeginBlock
EndBlock
Commit
BeginBlock
EndBlock
Commit
BeginBlock
EndBlock
Commit
BeginBlock
EndBlock
Commit
BeginBlock
EndBlock
Commit
BeginBlock
EndBlock
Commit
BeginBlock
EndBlock
Commit
BeginBlock
EndBlock
Commit
BeginBlock
EndBlock
Commit
BeginBlock
EndBlock
Commit
BeginBlock
EndBlock
Commit
BeginBlock
EndBlock
Commit
BeginBlock
EndBlock
Commit
BeginBlock
EndBlock
Commit
BeginBlock
EndBlock
Commit
BeginBlock
EndBlock
Commit
BeginBlock
EndBlock
Commit
BeginBlock
EndBlock
Commit
BeginBlock
EndBlock
Commit
BeginBlock
EndBlock
Commit
BeginBlock
EndBlock
Commit
BeginBlock
EndBlock
Commit
BeginBlock
EndBlock
Commit
BeginBlock
EndBlock
Commit
BeginBlock
EndBlock
Commit
BeginBlock
EndBlock
Commit
BeginBlock
EndBlock
Commit
BeginBlock
EndBlock
Commit
BeginBlock
EndBlock
Commit
BeginBlock
EndBlock
Commit
BeginBlock
EndBlock
Commit
BeginBlock
EndBlock
Commit
BeginBlock
EndBlock
Commit
BeginBlock
EndBlock
Commit
BeginBlock
EndBlock
Commit
BeginBlock
EndBlock
Commit
BeginBlock
EndBlock
Commit
BeginBlock
EndBlock
Commit
BeginBlock
EndBlock
Commit
BeginBlock
EndBlock
Commit
BeginBlock
EndBlock
Commit
BeginBlock
EndBlock
Commit
BeginBlock
EndBlock
Commit
BeginBlock
EndBlock
Commit
BeginBlock
EndBlock
Commit
BeginBlock
EndBlock
Commit
BeginBlock
EndBlock
Commit
BeginBlock
EndBlock
Commit
BeginBlock
EndBlock
Commit
BeginBlock
EndBlock
Commit
BeginBlock
EndBlock
Commit
BeginBlock
EndBlock
Commit
BeginBlock
EndBlock
Commit
BeginBlock
EndBlock
Commit
BeginBlock
EndBlock
Commit
BeginBlock
EndBlock
Commit
BeginBlock
EndBlock
Commit
BeginBlock
EndBlock
Commit
BeginBlock
EndBlock
Commit
BeginBlock
EndBlock
Commit
BeginBlock
EndBlock
Commit
BeginBlock
EndBlock
Commit
BeginBlock
EndBlock
Commit
BeginBlock
EndBlock
Commit
BeginBlock
EndBlock
Commit
BeginBlock
EndBlock
Commit
BeginBlock
EndBlock
Commit
BeginBlock
EndBlock
Commit
BeginBlock
EndBlock
Commit
BeginBlock
EndBlock
Commit
BeginBlock
EndBlock
Commit
BeginBlock
EndBlock
Commit
BeginBlock
EndBlock
Commit
BeginBlock
EndBlock
Commit
BeginBlock
EndBlock
Commit
BeginBlock
EndBlock
Commit
BeginBlock
EndBlock
Commit
BeginBlock
EndBlock
Commit
BeginBlock
EndBlock
Commit
BeginBlock
EndBlock
Commit
BeginBlock
EndBlock
Commit
BeginBlock
EndBlock
Commit
BeginBlock
EndBlock
Commit
BeginBlock
EndBlock
Commit
BeginBlock
EndBlock
Commit
BeginBlock
EndBlock
Commit
BeginBlock
EndBlock
Commit
BeginBlock
EndBlock
Commit
BeginBlock
EndBlock
Commit
BeginBlock
EndBlock
Commit
BeginBlock
EndBlock
Commit
BeginBlock
EndBlock
Commit
BeginBlock
EndBlock
Commit
BeginBlock
EndBlock
Commit
BeginBlock
EndBlock
Commit
BeginBlock
EndBlock
Commit
BeginBlock
EndBlock
Commit
BeginBlock
EndBlock
Commit
BeginBlock
EndBlock
Commit
BeginBlock
EndBlock
Commit
BeginBlock
EndBlock
Commit
BeginBlock
EndBlock
Commit
BeginBlock
EndBlock
Commit
BeginBlock
EndBlock
Commit
BeginBlock
EndBlock
Commit
BeginBlock
EndBlock
Commit
BeginBlock
EndBlock
Commit
BeginBlock
EndBlock
Commit
BeginBlock
EndBlock
Commit
BeginBlock
EndBlock
Commit
BeginBlock
EndBlock
Commit
BeginBlock
EndBlock
Commit
BeginBlock
EndBlock
Commit
BeginBlock
EndBlock
Commit
BeginBlock
EndBlock
Commit
BeginBlock
EndBlock
Commit
BeginBlock
EndBlock
Commit
BeginBlock
EndBlock
Commit
BeginBlock
EndBlock
Commit
BeginBlock
EndBlock
Commit
BeginBlock
EndBlock
Commit
BeginBlock
EndBlock
Commit
BeginBlock
EndBlock
Commit
BeginBlock
EndBlock
Commit
BeginBlock
EndBlock
Commit
BeginBlock
EndBlock
Commit
BeginBlock
EndBlock
Commit
BeginBlock
EndBlock
Commit
BeginBlock
EndBlock
Commit
BeginBlock
EndBlock
Commit
BeginBlock
EndBlock
Commit
BeginBlock
EndBlock
Commit
BeginBlock
EndBlock
Commit
BeginBlock
EndBlock
Commit
BeginBlock
EndBlock
Commit
BeginBlock
EndBlock
Commit
BeginBlock
EndBlock
Commit
BeginBlock
EndBlock
Commit
BeginBlock
EndBlock
Commit
BeginBlock
EndBlock
Commit
BeginBlock
EndBlock
Commit
BeginBlock
EndBlock
Commit
BeginBlock
EndBlock
Commit
BeginBlock
EndBlock
Commit
BeginBlock
EndBlock
Commit
BeginBlock
EndBlock
Commit
BeginBlock
EndBlock
Commit
BeginBlock
EndBlock
Commit
BeginBlock
EndBlock
Commit
BeginBlock
EndBlock
Commit
BeginBlock
EndBlock
Commit
BeginBlock
EndBlock
Commit
BeginBlock
EndBlock
Commit
BeginBlock
EndBlock
Commit
BeginBlock
EndBlock
Commit
BeginBlock
EndBlock
Commit
BeginBlock
EndBlock
Commit
BeginBlock
EndBlock
Commit
BeginBlock
EndBlock
Commit
BeginBlock
EndBlock
Commit
BeginBlock
EndBlock
Commit
BeginBlock
EndBlock
Commit
BeginBlock
EndBlock
Commit
BeginBlock
EndBlock
Commit
BeginBlock
EndBlock
Commit
BeginBlock
EndBlock
Commit
BeginBlock
EndBlock
Commit
BeginBlock
EndBlock
Commit
BeginBlock
EndBlock
Commit
BeginBlock
EndBlock
Commit
BeginBlock
EndBlock
Commit
BeginBlock
EndBlock
Commit
BeginBlock
EndBlock
Commit
BeginBlock
EndBlock
Commit
BeginBlock
EndBlock
Commit
BeginBlock
EndBlock
Commit
BeginBlock
EndBlock
Commit
BeginBlock
EndBlock
Commit
BeginBlock
EndBlock
Commit
BeginBlock
EndBlock
Commit
BeginBlock
EndBlock
Commit
BeginBlock
EndBlock
Commit
BeginBlock
EndBlock
Commit
BeginBlock
EndBlock
Commit
BeginBlock
EndBlock
Commit
BeginBlock
EndBlock
Commit
BeginBlock
EndBlock
Commit
BeginBlock
EndBlock
Commit
BeginBlock
EndBlock
Commit
BeginBlock
EndBlock
Commit
BeginBlock
EndBlock
Commit
BeginBlock
EndBlock
Commit
BeginBlock
EndBlock
Commit
BeginBlock
EndBlock
Commit
BeginBlock
EndBlock
Commit
BeginBlock
EndBlock
Commit
BeginBlock
EndBlock
Commit
BeginBlock
EndBlock
Commit
BeginBlock
EndBlock
Commit
BeginBlock
EndBlock
Commit
BeginBlock
EndBlock
Commit
BeginBlock
EndBlock
Commit
BeginBlock
EndBlock
Commit
BeginBlock
EndBlock
Commit
BeginBlock
EndBlock
Commit
BeginBlock
EndBlock
Commit
BeginBlock
EndBlock
Commit
BeginBlock
EndBlock
Commit
BeginBlock
EndBlock
Commit
BeginBlock
EndBlock
Commit
BeginBlock
EndBlock
Commit
BeginBlock
EndBlock
Commit
BeginBlock
EndBlock
Commit
BeginBlock
EndBlock
Commit
BeginBlock
EndBlock
Commit
BeginBlock
EndBlock
Commit
BeginBlock
EndBlock
Commit
BeginBlock
EndBlock
Commit
BeginBlock
EndBlock
Commit
BeginBlock
EndBlock
Commit
BeginBlock
EndBlock
Commit
BeginBlock
EndBlock
Commit
BeginBlock
EndBlock
Commit
BeginBlock
EndBlock
Commit
BeginBlock
EndBlock
Commit
BeginBlock
EndBlock
Commit
BeginBlock
EndBlock
Commit
BeginBlock
EndBlock
Commit
BeginBlock
EndBlock
Commit
BeginBlock
EndBlock
Commit
BeginBlock
EndBlock
Commit
BeginBlock
EndBlock
Commit
BeginBlock
EndBlock
Commit
BeginBlock
EndBlock
Commit
BeginBlock
EndBlock
Commit
BeginBlock
EndBlock
Commit
BeginBlock
EndBlock
Commit
BeginBlock
EndBlock
Commit
BeginBlock
EndBlock
Commit
BeginBlock
EndBlock
Commit
BeginBlock
EndBlock
Commit
BeginBlock
EndBlock
Commit
BeginBlock
EndBlock
Commit
BeginBlock
EndBlock
Commit
BeginBlock
EndBlock
Commit
BeginBlock
EndBlock
Commit
BeginBlock
EndBlock
Commit
BeginBlock
EndBlock
Commit
BeginBlock
EndBlock
Commit
BeginBlock
EndBlock
Commit
BeginBlock
EndBlock
Commit
BeginBlock
EndBlock
Commit
BeginBlock
EndBlock
Commit
BeginBlock
EndBlock
Commit
BeginBlock
EndBlock
Commit
BeginBlock
EndBlock
Commit
BeginBlock
EndBlock
Commit
BeginBlock
EndBlock
Commit
BeginBlock
EndBlock
Commit
BeginBlock
EndBlock
Commit
BeginBlock
EndBlock
Commit
BeginBlock
EndBlock
Commit
BeginBlock
EndBlock
Commit
BeginBlock
EndBlock
Commit
BeginBlock
EndBlock
Commit
BeginBlock
EndBlock
Commit
BeginBlock
EndBlock
Commit
BeginBlock
EndBlock
Commit
BeginBlock
EndBlock
Commit
BeginBlock
EndBlock
Commit
BeginBlock
EndBlock
Commit
BeginBlock
EndBlock
Commit
BeginBlock
EndBlock
Commit
BeginBlock
EndBlock
Commit
BeginBlock
EndBlock
Commit
BeginBlock
EndBlock
Commit
BeginBlock
EndBlock
Commit
BeginBlock
EndBlock
Commit
BeginBlock
EndBlock
Commit
BeginBlock
EndBlock
Commit
BeginBlock
EndBlock
Commit
BeginBlock
EndBlock
Commit
BeginBlock
EndBlock
Commit
BeginBlock
EndBlock
Commit
BeginBlock
EndBlock
Commit
BeginBlock
EndBlock
Commit
BeginBlock
EndBlock
Commit
BeginBlock
EndBlock
Commit
BeginBlock
EndBlock
Commit
BeginBlock
EndBlock
Commit
BeginBlock
EndBlock
Commit
BeginBlock
EndBlock
Commit
BeginBlock
EndBlock
Commit
BeginBlock
EndBlock
Commit
BeginBlock
EndBlock
Commit
BeginBlock
EndBlock
Commit
BeginBlock
EndBlock
Commit
BeginBlock
EndBlock
Commit
BeginBlock
EndBlock
Commit
BeginBlock
EndBlock
Commit
BeginBlock
EndBlock
Commit
BeginBlock
EndBlock
Commit
BeginBlock
EndBlock
Commit
BeginBlock
EndBlock
Commit
BeginBlock
EndBlock
Commit
BeginBlock
EndBlock
Commit
BeginBlock
EndBlock
Commit
BeginBlock
EndBlock
Commit
BeginBlock
EndBlock
Commit
BeginBlock
EndBlock
Commit
BeginBlock
EndBlock
Commit
BeginBlock
EndBlock
Commit
BeginBlock
EndBlock
Commit
BeginBlock
EndBlock
Commit
BeginBlock
EndBlock
Commit
BeginBlock
EndBlock
Commit
BeginBlock
EndBlock
Commit
BeginBlock
EndBlock
Commit
BeginBlock
EndBlock
Commit
BeginBlock
EndBlock
Commit
BeginBlock
EndBlock
Commit
BeginBlock
EndBlock
Commit
BeginBlock
EndBlock
Commit
BeginBlock
EndBlock
Commit
BeginBlock
EndBlock
Commit
BeginBlock
EndBlock
Commit
BeginBlock
EndBlock
Commit
BeginBlock
EndBlock
Commit
BeginBlock
EndBlock
Commit
BeginBlock
EndBlock
Commit
BeginBlock
EndBlock
Commit
BeginBlock
EndBlock
Commit
BeginBlock
EndBlock
Commit
BeginBlock
EndBlock
Commit
BeginBlock
EndBlock
Commit
BeginBlock
EndBlock
Commit
BeginBlock
EndBlock
Commit
BeginBlock
EndBlock
Commit
BeginBlock
EndBlock
Commit
BeginBlock
EndBlock
Commit
BeginBlock
EndBlock
Commit
BeginBlock
EndBlock
Commit
BeginBlock
EndBlock
Commit
BeginBlock
EndBlock
Commit
BeginBlock
EndBlock
Commit
BeginBlock
EndBlock
Commit
BeginBlock
EndBlock
Commit
BeginBlock
EndBlock
Commit
BeginBlock
EndBlock
Commit
BeginBlock
EndBlock
Commit
BeginBlock
EndBlock
Commit
BeginBlock
EndBlock
Commit
BeginBlock
EndBlock
Commit
BeginBlock
EndBlock
Commit
BeginBlock
EndBlock
Commit
BeginBlock
EndBlock
Commit
BeginBlock
EndBlock
Commit
BeginBlock
EndBlock
Commit
BeginBlock
EndBlock
Commit
BeginBlock
EndBlock
Commit
BeginBlock
EndBlock
Commit
BeginBlock
EndBlock
Commit
BeginBlock
EndBlock
Commit
BeginBlock
EndBlock
Commit
BeginBlock
EndBlock
Commit
BeginBlock
EndBlock
Commit
BeginBlock
EndBlock
Commit
BeginBlock
EndBlock
Commit
BeginBlock
EndBlock
Commit
BeginBlock
EndBlock
Commit
BeginBlock
EndBlock
Commit
BeginBlock
EndBlock
Commit
BeginBlock
EndBlock
Commit
BeginBlock
EndBlock
Commit
BeginBlock
EndBlock
Commit
BeginBlock
EndBlock
Commit
BeginBlock
EndBlock
Commit
BeginBlock
EndBlock
Commit
BeginBlock
EndBlock
Commit
BeginBlock
EndBlock
Commit
BeginBlock
EndBlock
Commit
BeginBlock
EndBlock
Commit
BeginBlock
EndBlock
Commit
BeginBlock
EndBlock
Commit
BeginBlock
EndBlock
Commit
BeginBlock
EndBlock
Commit
BeginBlock
EndBlock
Commit
BeginBlock
EndBlock
Commit
BeginBlock
EndBlock
Commit
BeginBlock
EndBlock
Commit
BeginBlock
EndBlock
Commit
BeginBlock
EndBlock
Commit
BeginBlock
EndBlock
Commit
BeginBlock
EndBlock
Commit
BeginBlock
EndBlock
Commit
BeginBlock
EndBlock
Commit
BeginBlock
EndBlock
Commit
BeginBlock
EndBlock
Commit
BeginBlock
EndBlock
Commit
BeginBlock
EndBlock
Commit
BeginBlock
EndBlock
Commit
BeginBlock
EndBlock
Commit
BeginBlock
EndBlock
Commit
BeginBlock
EndBlock
Commit
BeginBlock
EndBlock
Commit
BeginBlock
EndBlock
Commit
BeginBlock
EndBlock
Commit
BeginBlock
EndBlock
Commit
BeginBlock
EndBlock
Commit
BeginBlock
EndBlock
Commit
BeginBlock
EndBlock
Commit
BeginBlock
EndBlock
Commit
BeginBlock
EndBlock
Commit
BeginBlock
EndBlock
Commit
BeginBlock
EndBlock
Commit
BeginBlock
EndBlock
Commit
BeginBlock
EndBlock
Commit
BeginBlock
EndBlock
Commit
BeginBlock
EndBlock
Commit
BeginBlock
EndBlock
Commit
BeginBlock
EndBlock
Commit
BeginBlock
EndBlock
Commit
BeginBlock
EndBlock
Commit
BeginBlock
EndBlock
Commit
BeginBlock
EndBlock
Commit
BeginBlock
EndBlock
Commit
BeginBlock
EndBlock
Commit
BeginBlock
EndBlock
Commit
BeginBlock
EndBlock
Commit
BeginBlock
EndBlock
Commit
BeginBlock
EndBlock
Commit
BeginBlock
EndBlock
Commit
BeginBlock
EndBlock
Commit
BeginBlock
EndBlock
Commit
BeginBlock
EndBlock
Commit
BeginBlock
EndBlock
Commit
BeginBlock
EndBlock
Commit
BeginBlock
EndBlock
Commit
BeginBlock
EndBlock
Commit
BeginBlock
EndBlock
Commit
BeginBlock
EndBlock
Commit
BeginBlock
EndBlock
Commit
BeginBlock
EndBlock
Commit
BeginBlock
EndBlock
Commit
BeginBlock
EndBlock
Commit
BeginBlock
EndBlock
Commit
BeginBlock
EndBlock
Commit
BeginBlock
EndBlock
Commit
BeginBlock
EndBlock
Commit
BeginBlock
EndBlock
Commit
BeginBlock
EndBlock
Commit
BeginBlock
EndBlock
Commit
stopped
